Build started 6/30/2015 2:45:07 AM.
     1>Project "F:\vscp\ThuVien\ThuVien\ThuVien.vcxproj" on node 2 (build target(s)).
     1>InitializeBuildStatus:
         Creating "Debug\ThuVien.unsuccessfulbuild" because "AlwaysCreate" was specified.
       GenerateTargetFrameworkMonikerAttribute:
       Skipping target "GenerateTargetFrameworkMonikerAttribute" because all output files are up-to-date with respect to the input files.
       ClCompile:
         All outputs are up-to-date.
         F:\Microsoft Visual Studio 10.0\VC\bin\CL.exe /c /AI"C:\Program Files (x86)\Reference Assemblies\Microsoft\Framework\.NETFramework\v4.0" /Zi /clr:pure /nologo /W3 /WX- /Od /Oy- /D WIN32 /D _DEBUG /D _UNICODE /D UNICODE /EHa /MDd /GS /fp:precise /Zc:wchar_t /Zc:forScope /Yu"StdAfx.h" /Fp"Debug\ThuVien.pch" /Fo"Debug\\" /Fd"Debug\vc100.pdb" /TP /FU"C:\Program Files (x86)\Reference Assemblies\Microsoft\Framework\.NETFramework\v4.0\System.Core.dll" /FU"C:\Program Files (x86)\Reference Assemblies\Microsoft\Framework\.NETFramework\v4.0\System.Data.dll" /FU"C:\Program Files (x86)\Reference Assemblies\Microsoft\Framework\.NETFramework\v4.0\System.dll" /FU"C:\Program Files (x86)\Reference Assemblies\Microsoft\Framework\.NETFramework\v4.0\System.Drawing.dll" /FU"C:\Program Files (x86)\Reference Assemblies\Microsoft\Framework\.NETFramework\v4.0\System.Windows.Forms.dll" /FU"C:\Program Files (x86)\Reference Assemblies\Microsoft\Framework\.NETFramework\v4.0\System.Xml.dll" /analyze- /errorReport:prompt ThuVien.cpp /clr:nostdlib 
         ThuVien.cpp
         All outputs are up-to-date.
       CoreResGen:
         No resources are out of date with respect to their source files. Skipping resource generation.
       ResourceCompile:
         All outputs are up-to-date.
       Link:
         F:\Microsoft Visual Studio 10.0\VC\bin\link.exe /ERRORREPORT:PROMPT /OUT:"F:\vscp\ThuVien\Debug\ThuVien.exe" /INCREMENTAL /NOLOGO /ASSEMBLYRESOURCE:Debug\ThuVien.AboutBox.resources /ASSEMBLYRESOURCE:Debug\ThuVien.AddBook.resources /ASSEMBLYRESOURCE:Debug\ThuVien.AddStudent.resources /ASSEMBLYRESOURCE:Debug\ThuVien.BorrowBook.resources /ASSEMBLYRESOURCE:Debug\ThuVien.MainForm.resources /ASSEMBLYRESOURCE:Debug\ThuVien.Splash.resources /ASSEMBLYRESOURCE:Debug\ThuVien.TestForm.resources /MANIFEST /ManifestFile:"Debug\ThuVien.exe.intermediate.manifest" /MANIFESTUAC:"level='asInvoker' uiAccess='false'" /DEBUG /PDB:"F:\vscp\ThuVien\Debug\ThuVien.pdb" /ASSEMBLYDEBUG /SUBSYSTEM:WINDOWS /TLBID:1 /ENTRY:"main" /DYNAMICBASE /FIXED:NO /NXCOMPAT /MACHINE:X86 Debug\app.res
         Debug\AssemblyInfo.obj
         Debug\stdafx.obj
         Debug\ThuVien.obj
         "Debug\.NETFramework,Version=v4.0.AssemblyAttributes.obj"
         ThuVien.vcxproj -> F:\vscp\ThuVien\Debug\ThuVien.exe
       Manifest:
         C:\Program Files (x86)\Microsoft SDKs\Windows\v7.0A\bin\mt.exe /nologo /verbose /outputresource:"F:\vscp\ThuVien\Debug\ThuVien.exe;#1" /manifest Debug\ThuVien.exe.intermediate.manifest
       FinalizeBuildStatus:
         Deleting file "Debug\ThuVien.unsuccessfulbuild".
         Touching "Debug\ThuVien.lastbuildstate".
     1>Done Building Project "F:\vscp\ThuVien\ThuVien\ThuVien.vcxproj" (build target(s)).

Build succeeded.

Time Elapsed 00:00:01.85
