Build started 6/30/2015 8:34:49 AM.
     1>Project "F:\vscp\ThuVien\ThuVien\ThuVien.vcxproj" on node 2 (build target(s)).
     1>InitializeBuildStatus:
         Creating "Release\ThuVien.unsuccessfulbuild" because "AlwaysCreate" was specified.
       GenerateTargetFrameworkMonikerAttribute:
       Skipping target "GenerateTargetFrameworkMonikerAttribute" because all output files are up-to-date with respect to the input files.
       ClCompile:
         All outputs are up-to-date.
         F:\Microsoft Visual Studio 10.0\VC\bin\CL.exe /c /AI"C:\Program Files (x86)\Reference Assemblies\Microsoft\Framework\.NETFramework\v4.0" /Zi /clr:pure /nologo /W3 /WX- /O2 /Oy- /D WIN32 /D NDEBUG /D _UNICODE /D UNICODE /EHa /MD /GS /fp:precise /Zc:wchar_t /Zc:forScope /Yu"StdAfx.h" /Fp"Release\ThuVien.pch" /Fo"Release\\" /Fd"Release\vc100.pdb" /TP /FU"C:\Program Files (x86)\Reference Assemblies\Microsoft\Framework\.NETFramework\v4.0\System.Core.dll" /FU"C:\Program Files (x86)\Reference Assemblies\Microsoft\Framework\.NETFramework\v4.0\System.Data.dll" /FU"C:\Program Files (x86)\Reference Assemblies\Microsoft\Framework\.NETFramework\v4.0\System.dll" /FU"C:\Program Files (x86)\Reference Assemblies\Microsoft\Framework\.NETFramework\v4.0\System.Drawing.dll" /FU"C:\Program Files (x86)\Reference Assemblies\Microsoft\Framework\.NETFramework\v4.0\System.Windows.Forms.dll" /FU"C:\Program Files (x86)\Reference Assemblies\Microsoft\Framework\.NETFramework\v4.0\System.Xml.dll" /analyze- /errorReport:prompt ThuVien.cpp /clr:nostdlib 
         ThuVien.cpp
         All outputs are up-to-date.
       CoreResGen:
         No resources are out of date with respect to their source files. Skipping resource generation.
       ResourceCompile:
         All outputs are up-to-date.
       Link:
         F:\Microsoft Visual Studio 10.0\VC\bin\link.exe /ERRORREPORT:PROMPT /OUT:"F:\vscp\ThuVien\Release\ThuVien.exe" /INCREMENTAL:NO /NOLOGO /ASSEMBLYRESOURCE:Release\ThuVien.AboutBox.resources /ASSEMBLYRESOURCE:Release\ThuVien.AddBook.resources /ASSEMBLYRESOURCE:Release\ThuVien.AddStudent.resources /ASSEMBLYRESOURCE:Release\ThuVien.BorrowBook.resources /ASSEMBLYRESOURCE:Release\ThuVien.MainForm.resources /ASSEMBLYRESOURCE:Release\ThuVien.Splash.resources /ASSEMBLYRESOURCE:Release\ThuVien.TestForm.resources /MANIFEST /ManifestFile:"Release\ThuVien.exe.intermediate.manifest" /MANIFESTUAC:"level='asInvoker' uiAccess='false'" /DEBUG /PDB:"F:\vscp\ThuVien\Release\ThuVien.pdb" /SUBSYSTEM:WINDOWS /TLBID:1 /ENTRY:"main" /DYNAMICBASE /FIXED:NO /NXCOMPAT /MACHINE:X86 Release\app.res
         Release\AssemblyInfo.obj
         Release\stdafx.obj
         Release\ThuVien.obj
         "Release\.NETFramework,Version=v4.0.AssemblyAttributes.obj"
         ThuVien.vcxproj -> F:\vscp\ThuVien\Release\ThuVien.exe
       Manifest:
         C:\Program Files (x86)\Microsoft SDKs\Windows\v7.0A\bin\mt.exe /nologo /verbose /outputresource:"F:\vscp\ThuVien\Release\ThuVien.exe;#1" /manifest Release\ThuVien.exe.intermediate.manifest
       FinalizeBuildStatus:
         Deleting file "Release\ThuVien.unsuccessfulbuild".
         Touching "Release\ThuVien.lastbuildstate".
     1>Done Building Project "F:\vscp\ThuVien\ThuVien\ThuVien.vcxproj" (build target(s)).

Build succeeded.

Time Elapsed 00:00:02.62
